-------------------------------------------------------------------------------
Test set: TestSuite
-------------------------------------------------------------------------------
Tests run: 10, Failures: 1, Errors: 0, Skipped: 0, Time elapsed: 4.727 s <<< FAILURE! - in TestSuite
loanapplication.javaproject.testng3.sen9  Time elapsed: 0.022 s  <<< FAILURE!
java.lang.AssertionError: expected [true] but found [false]
	at loanapplication.javaproject.testng3.sen9(testng3.java:39)

