<?xml version="1.0" encoding="UTF-8" standalone="no"?>
<testsuite errors="0" failures="1" name="io.cucumber.core.plugin.JUnitFormatter" skipped="0" tests="2" time="181.411">
    <testcase classname="Search for vegetables" name="Search veggies" time="147.896">
        <system-out><![CDATA[Given user logins to the green page.........................................passed
When search for "Cucumber"..................................................passed
Then results for "Cucumber" will be retrieved...............................passed
]]></system-out>
    </testcase>
    <testcase classname="Search for vegetables" name="Search veggies 2" time="31.878">
        <failure message="session not created&#10;from disconnected: received Inspector.detached event&#10;  (Session info: chrome=83.0.4103.61)&#10;Build info: version: '3.141.59', revision: 'e82be7d358', time: '2018-11-14T08:17:03'&#10;System info: host: 'DESKTOP-14H19A0', ip: '192.168.0.6', os.name: 'Windows 10', os.arch: 'amd64', os.version: '10.0', java.version: '14.0.1'&#10;Driver info: driver.version: ChromeDriver&#10;remote stacktrace: Backtrace:&#10;&#9;Ordinal0 [0x00EC9563+2725219]&#10;&#9;Ordinal0 [0x00DC8551+1672529]&#10;&#9;Ordinal0 [0x00CB0359+525145]&#10;&#9;Ordinal0 [0x00CA8579+492921]&#10;&#9;Ordinal0 [0x00CA818C+491916]&#10;&#9;Ordinal0 [0x00CA7AB8+490168]&#10;&#9;Ordinal0 [0x00CA6EFE+487166]&#10;&#9;Ordinal0 [0x00CA7135+487733]&#10;&#9;Ordinal0 [0x00CA6B75+486261]&#10;&#9;Ordinal0 [0x00CAF055+520277]&#10;&#9;Ordinal0 [0x00CA6B32+486194]&#10;&#9;Ordinal0 [0x00CA7739+489273]&#10;&#9;Ordinal0 [0x00CA6EFE+487166]&#10;&#9;Ordinal0 [0x00CA7135+487733]&#10;&#9;Ordinal0 [0x00CA6B75+486261]&#10;&#9;Ordinal0 [0x00CAD83E+514110]&#10;&#9;Ordinal0 [0x00CA6B32+486194]&#10;&#9;Ordinal0 [0x00CA7739+489273]&#10;&#9;Ordinal0 [0x00CA6EFE+487166]&#10;&#9;Ordinal0 [0x00CA7135+487733]&#10;&#9;Ordinal0 [0x00CA6B75+486261]&#10;&#9;Ordinal0 [0x00CABBF6+506870]&#10;&#9;Ordinal0 [0x00CA6B32+486194]&#10;&#9;Ordinal0 [0x00CA7739+489273]&#10;&#9;Ordinal0 [0x00CA6EFE+487166]&#10;&#9;Ordinal0 [0x00CA7135+487733]&#10;&#9;Ordinal0 [0x00CA6B75+486261]&#10;&#9;Ordinal0 [0x00CAB1B7+504247]&#10;&#9;Ordinal0 [0x00CA6B32+486194]&#10;&#9;Ordinal0 [0x00CA7739+489273]&#10;&#9;Ordinal0 [0x00CA6EFE+487166]&#10;&#9;Ordinal0 [0x00CA7135+487733]&#10;&#9;Ordinal0 [0x00CA6B75+486261]&#10;&#9;Ordinal0 [0x00CA337C+471932]&#10;&#9;Ordinal0 [0x00CA6B32+486194]&#10;&#9;Ordinal0 [0x00CA6A87+486023]&#10;&#9;Ordinal0 [0x00CB0FF0+528368]&#10;&#9;Ordinal0 [0x00C5D6C9+186057]&#10;&#9;Ordinal0 [0x00C5CA3D+182845]&#10;&#9;Ordinal0 [0x00C5A94B+174411]&#10;&#9;Ordinal0 [0x00C42528+75048]&#10;&#9;Ordinal0 [0x00C435A0+79264]&#10;&#9;Ordinal0 [0x00C43539+79161]&#10;&#9;Ordinal0 [0x00DDD607+1758727]&#10;&#9;GetHandleVerifier [0x00FE6546+1050150]&#10;&#9;GetHandleVerifier [0x00FE6291+1049457]&#10;&#9;GetHandleVerifier [0x00FF10D7+1094071]&#10;&#9;GetHandleVerifier [0x00FE6B46+1051686]&#10;&#9;Ordinal0 [0x00DD5B06+1727238]&#10;&#9;Ordinal0 [0x00DDEB7B+1764219]&#10;&#9;Ordinal0 [0x00DDECE3+1764579]&#10;&#9;Ordinal0 [0x00DF4C05+1854469]&#10;&#9;BaseThreadInitThunk [0x752F6359+25]&#10;&#9;RtlGetAppContainerNamedObjectPath [0x77A47C24+228]&#10;&#9;RtlGetAppContainerNamedObjectPath [0x77A47BF4+180]&#10;" type="org.openqa.selenium.SessionNotCreatedException"><![CDATA[Given user logins to the green page.........................................failed
When search for "Brinjal"...................................................skipped
Then results for "Brinjal" will be retrieved................................skipped
And items added to the cart.................................................skipped
And user navigated to checkout..............................................skipped
Then "Brinjal" is displayed.................................................skipped

StackTrace:
org.openqa.selenium.SessionNotCreatedException: session not created
from disconnected: received Inspector.detached event
  (Session info: chrome=83.0.4103.61)
Build info: version: '3.141.59', revision: 'e82be7d358', time: '2018-11-14T08:17:03'
System info: host: 'DESKTOP-14H19A0', ip: '192.168.0.6', os.name: 'Windows 10', os.arch: 'amd64', os.version: '10.0', java.version: '14.0.1'
Driver info: driver.version: ChromeDriver
remote stacktrace: Backtrace:
	Ordinal0 [0x00EC9563+2725219]
	Ordinal0 [0x00DC8551+1672529]
	Ordinal0 [0x00CB0359+525145]
	Ordinal0 [0x00CA8579+492921]
	Ordinal0 [0x00CA818C+491916]
	Ordinal0 [0x00CA7AB8+490168]
	Ordinal0 [0x00CA6EFE+487166]
	Ordinal0 [0x00CA7135+487733]
	Ordinal0 [0x00CA6B75+486261]
	Ordinal0 [0x00CAF055+520277]
	Ordinal0 [0x00CA6B32+486194]
	Ordinal0 [0x00CA7739+489273]
	Ordinal0 [0x00CA6EFE+487166]
	Ordinal0 [0x00CA7135+487733]
	Ordinal0 [0x00CA6B75+486261]
	Ordinal0 [0x00CAD83E+514110]
	Ordinal0 [0x00CA6B32+486194]
	Ordinal0 [0x00CA7739+489273]
	Ordinal0 [0x00CA6EFE+487166]
	Ordinal0 [0x00CA7135+487733]
	Ordinal0 [0x00CA6B75+486261]
	Ordinal0 [0x00CABBF6+506870]
	Ordinal0 [0x00CA6B32+486194]
	Ordinal0 [0x00CA7739+489273]
	Ordinal0 [0x00CA6EFE+487166]
	Ordinal0 [0x00CA7135+487733]
	Ordinal0 [0x00CA6B75+486261]
	Ordinal0 [0x00CAB1B7+504247]
	Ordinal0 [0x00CA6B32+486194]
	Ordinal0 [0x00CA7739+489273]
	Ordinal0 [0x00CA6EFE+487166]
	Ordinal0 [0x00CA7135+487733]
	Ordinal0 [0x00CA6B75+486261]
	Ordinal0 [0x00CA337C+471932]
	Ordinal0 [0x00CA6B32+486194]
	Ordinal0 [0x00CA6A87+486023]
	Ordinal0 [0x00CB0FF0+528368]
	Ordinal0 [0x00C5D6C9+186057]
	Ordinal0 [0x00C5CA3D+182845]
	Ordinal0 [0x00C5A94B+174411]
	Ordinal0 [0x00C42528+75048]
	Ordinal0 [0x00C435A0+79264]
	Ordinal0 [0x00C43539+79161]
	Ordinal0 [0x00DDD607+1758727]
	GetHandleVerifier [0x00FE6546+1050150]
	GetHandleVerifier [0x00FE6291+1049457]
	GetHandleVerifier [0x00FF10D7+1094071]
	GetHandleVerifier [0x00FE6B46+1051686]
	Ordinal0 [0x00DD5B06+1727238]
	Ordinal0 [0x00DDEB7B+1764219]
	Ordinal0 [0x00DDECE3+1764579]
	Ordinal0 [0x00DF4C05+1854469]
	BaseThreadInitThunk [0x752F6359+25]
	RtlGetAppContainerNamedObjectPath [0x77A47C24+228]
	RtlGetAppContainerNamedObjectPath [0x77A47BF4+180]

	at java.base/jdk.internal.reflect.NativeConstructorAccessorImpl.newInstance0(Native Method)
	at java.base/jdk.internal.reflect.NativeConstructorAccessorImpl.newInstance(NativeConstructorAccessorImpl.java:62)
	at java.base/jdk.internal.reflect.DelegatingConstructorAccessorImpl.newInstance(DelegatingConstructorAccessorImpl.java:45)
	at java.base/java.lang.reflect.Constructor.newInstanceWithCaller(Constructor.java:500)
	at java.base/java.lang.reflect.Constructor.newInstance(Constructor.java:481)
	at org.openqa.selenium.remote.W3CHandshakeResponse.lambda$errorHandler$0(W3CHandshakeResponse.java:62)
	at org.openqa.selenium.remote.HandshakeResponse.lambda$getResponseFunction$0(HandshakeResponse.java:30)
	at org.openqa.selenium.remote.ProtocolHandshake.lambda$createSession$0(ProtocolHandshake.java:126)
	at java.base/java.util.stream.ReferencePipeline$3$1.accept(ReferencePipeline.java:195)
	at java.base/java.util.Spliterators$ArraySpliterator.tryAdvance(Spliterators.java:958)
	at java.base/java.util.stream.ReferencePipeline.forEachWithCancel(ReferencePipeline.java:127)
	at java.base/java.util.stream.AbstractPipeline.copyIntoWithCancel(AbstractPipeline.java:502)
	at java.base/java.util.stream.AbstractPipeline.copyInto(AbstractPipeline.java:488)
	at java.base/java.util.stream.AbstractPipeline.wrapAndCopyInto(AbstractPipeline.java:474)
	at java.base/java.util.stream.FindOps$FindOp.evaluateSequential(FindOps.java:150)
	at java.base/java.util.stream.AbstractPipeline.evaluate(AbstractPipeline.java:234)
	at java.base/java.util.stream.ReferencePipeline.findFirst(ReferencePipeline.java:543)
	at org.openqa.selenium.remote.ProtocolHandshake.createSession(ProtocolHandshake.java:128)
	at org.openqa.selenium.remote.ProtocolHandshake.createSession(ProtocolHandshake.java:74)
	at org.openqa.selenium.remote.HttpCommandExecutor.execute(HttpCommandExecutor.java:136)
	at org.openqa.selenium.remote.service.DriverCommandExecutor.execute(DriverCommandExecutor.java:83)
	at org.openqa.selenium.remote.RemoteWebDriver.execute(RemoteWebDriver.java:552)
	at org.openqa.selenium.remote.RemoteWebDriver.startSession(RemoteWebDriver.java:213)
	at org.openqa.selenium.remote.RemoteWebDriver.<init>(RemoteWebDriver.java:131)
	at org.openqa.selenium.chrome.ChromeDriver.<init>(ChromeDriver.java:181)
	at org.openqa.selenium.chrome.ChromeDriver.<init>(ChromeDriver.java:168)
	at org.openqa.selenium.chrome.ChromeDriver.<init>(ChromeDriver.java:123)
	at loanapplication.javaproject.Base.newmethod(Base.java:24)
	at stepDefinations.vegetablesearch.user_logins_to_the_green_page(vegetablesearch.java:29)
	at âœ½.user logins to the green page(file:///C:/Users/sende/javaproject/src/test/java/features/search.feature:11)
]]></failure>
    </testcase>
</testsuite>
