<html>
<head>
<title>TestNG:  personalloan</title>
<link href="../testng.css" rel="stylesheet" type="text/css" />
<link href="../my-testng.css" rel="stylesheet" type="text/css" />

<style type="text/css">
.log { display: none;} 
.stack-trace { display: none;} 
</style>
<script type="text/javascript">
<!--
function flip(e) {
  current = e.style.display;
  if (current == 'block') {
    e.style.display = 'none';
    return 0;
  }
  else {
    e.style.display = 'block';
    return 1;
  }
}

function toggleBox(szDivId, elem, msg1, msg2)
{
  var res = -1;  if (document.getElementById) {
    res = flip(document.getElementById(szDivId));
  }
  else if (document.all) {
    // this is the way old msie versions work
    res = flip(document.all[szDivId]);
  }
  if(elem) {
    if(res == 0) elem.innerHTML = msg1; else elem.innerHTML = msg2;
  }

}

function toggleAllBoxes() {
  if (document.getElementsByTagName) {
    d = document.getElementsByTagName('div');
    for (i = 0; i < d.length; i++) {
      if (d[i].className == 'log') {
        flip(d[i]);
      }
    }
  }
}

// -->
</script>

</head>
<body>
<h2 align='center'>personalloan</h2><table border='1' align="center">
<tr>
<td>Tests passed/Failed/Skipped:</td><td>9/1/0</td>
</tr><tr>
<td>Started on:</td><td>Sun May 24 18:27:41 MST 2020</td>
</tr>
<tr><td>Total time:</td><td>0 seconds (360 ms)</td>
</tr><tr>
<td>Included groups:</td><td></td>
</tr><tr>
<td>Excluded groups:</td><td></td>
</tr>
</table><p/>
<small><i>(Hover the method name to see the test class name)</i></small><p/>
<table width='100%' border='1' class='invocation-failed'>
<tr><td colspan='4' align='center'><b>FAILED TESTS</b></td></tr>
<tr><td><b>Test method</b></td>
<td width="30%"><b>Exception</b></td>
<td width="10%"><b>Time (seconds)</b></td>
<td><b>Instance</b></td>
</tr>
<tr>
<td title='loanapplication.javaproject.testng3.sen9()'><b>sen9</b><br>Test class: loanapplication.javaproject.testng3</td>
<td><div><pre>java.lang.AssertionError: expected [true] but found [false]
	at loanapplication.javaproject.testng3.sen9(testng3.java:39)
	at java.base/java.util.concurrent.FutureTask.run(FutureTask.java:264)
	at java.base/java.util.concurrent.ThreadPoolExecutor.runWorker(ThreadPoolExecutor.java:1130)
	at java.base/java.util.concurrent.ThreadPoolExecutor$Worker.run(ThreadPoolExecutor.java:630)
	at java.base/java.lang.Thread.run(Thread.java:832)
... Removed 20 stack frames</pre></div><a href='#' onClick='toggleBox("stack-trace141134122", this, "Click to show all stack frames", "Click to hide stack frames")'>Click to show all stack frames</a>
<div class='stack-trace' id='stack-trace141134122'><pre>java.lang.AssertionError: expected [true] but found [false]
	at org.testng.Assert.fail(Assert.java:94)
	at org.testng.Assert.failNotEquals(Assert.java:496)
	at org.testng.Assert.assertTrue(Assert.java:42)
	at org.testng.Assert.assertTrue(Assert.java:52)
	at loanapplication.javaproject.testng3.sen9(testng3.java:39)
	at java.base/jdk.internal.reflect.NativeMethodAccessorImpl.invoke0(Native Method)
	at java.base/jdk.internal.reflect.NativeMethodAccessorImpl.invoke(NativeMethodAccessorImpl.java:62)
	at java.base/jdk.internal.reflect.DelegatingMethodAccessorImpl.invoke(DelegatingMethodAccessorImpl.java:43)
	at java.base/java.lang.reflect.Method.invoke(Method.java:564)
	at org.testng.internal.MethodInvocationHelper.invokeMethod(MethodInvocationHelper.java:85)
	at org.testng.internal.Invoker.invokeMethod(Invoker.java:639)
	at org.testng.internal.Invoker.invokeTestMethod(Invoker.java:816)
	at org.testng.internal.Invoker.invokeTestMethods(Invoker.java:1124)
	at org.testng.internal.TestMethodWorker.invokeTestMethods(TestMethodWorker.java:125)
	at org.testng.internal.TestMethodWorker.run(TestMethodWorker.java:108)
	at org.testng.TestRunner.privateRun(TestRunner.java:774)
	at org.testng.TestRunner.run(TestRunner.java:624)
	at org.testng.SuiteRunner.runTest(SuiteRunner.java:359)
	at org.testng.SuiteRunner.access$000(SuiteRunner.java:39)
	at org.testng.SuiteRunner$SuiteWorker.run(SuiteRunner.java:393)
	at org.testng.internal.thread.ThreadUtil$2.call(ThreadUtil.java:64)
	at java.base/java.util.concurrent.FutureTask.run(FutureTask.java:264)
	at java.base/java.util.concurrent.ThreadPoolExecutor.runWorker(ThreadPoolExecutor.java:1130)
	at java.base/java.util.concurrent.ThreadPoolExecutor$Worker.run(ThreadPoolExecutor.java:630)
	at java.base/java.lang.Thread.run(Thread.java:832)
</pre></div></td>
<td>0</td>
<td>loanapplication.javaproject.testng3@f0da945</td></tr>
</table><p>
<table width='100%' border='1' class='invocation-passed'>
<tr><td colspan='4' align='center'><b>PASSED TESTS</b></td></tr>
<tr><td><b>Test method</b></td>
<td width="30%"><b>Exception</b></td>
<td width="10%"><b>Time (seconds)</b></td>
<td><b>Instance</b></td>
</tr>
<tr>
<td title='loanapplication.javaproject.testng2.sen()'><b>sen</b><br>Test class: loanapplication.javaproject.testng2</td>
<td></td>
<td>0</td>
<td>loanapplication.javaproject.testng2@4803b726</td></tr>
<tr>
<td title='loanapplication.javaproject.testng2.sen1()'><b>sen1</b><br>Test class: loanapplication.javaproject.testng2</td>
<td></td>
<td>0</td>
<td>loanapplication.javaproject.testng2@4803b726</td></tr>
<tr>
<td title='loanapplication.javaproject.testng1.sen12()'><b>sen12</b><br>Test class: loanapplication.javaproject.testng1<br>Parameters: http://google.com, senthil</td>
<td></td>
<td>0</td>
<td>loanapplication.javaproject.testng1@17497425</td></tr>
<tr>
<td title='loanapplication.javaproject.testng1.sen2()'><b>sen2</b><br>Test class: loanapplication.javaproject.testng1</td>
<td></td>
<td>0</td>
<td>loanapplication.javaproject.testng1@17497425</td></tr>
<tr>
<td title='loanapplication.javaproject.testng1.sen20()'><b>sen20</b><br>Test class: loanapplication.javaproject.testng1<br>Parameters: first, pass1</td>
<td></td>
<td>0</td>
<td>loanapplication.javaproject.testng1@17497425</td></tr>
<tr>
<td title='loanapplication.javaproject.testng1.sen20()'><b>sen20</b><br>Test class: loanapplication.javaproject.testng1<br>Parameters: second, pass2</td>
<td></td>
<td>0</td>
<td>loanapplication.javaproject.testng1@17497425</td></tr>
<tr>
<td title='loanapplication.javaproject.testng1.sen20()'><b>sen20</b><br>Test class: loanapplication.javaproject.testng1<br>Parameters: three, pass3</td>
<td></td>
<td>0</td>
<td>loanapplication.javaproject.testng1@17497425</td></tr>
<tr>
<td title='loanapplication.javaproject.testng1.sen3()'><b>sen3</b><br>Test class: loanapplication.javaproject.testng1</td>
<td></td>
<td>0</td>
<td>loanapplication.javaproject.testng1@17497425</td></tr>
<tr>
<td title='loanapplication.javaproject.testng3.sen5()'><b>sen5</b><br>Test class: loanapplication.javaproject.testng3</td>
<td></td>
<td>0</td>
<td>loanapplication.javaproject.testng3@f0da945</td></tr>
</table><p>
</body>
</html>